app/build/intermediates/manifest_merge_blame_file/debug/manifest-merger-blame-debug-report.txt
1<?xml version="1.0" encoding="utf-8"?>
2<manifest xmlns:android="http://schemas.android.com/apk/res/android"
3    package="com.agentforandroid"
4    android:versionCode="1"
5    android:versionName="1.0.0" >
6
7    <uses-sdk
8        android:minSdkVersion="26"
9        android:targetSdkVersion="34" />
10
11    <uses-permission android:name="android.permission.INTERNET" />
11-->src\main\AndroidManifest.xml:4:5-67
11-->src\main\AndroidManifest.xml:4:22-64
12    <uses-permission
12-->src\main\AndroidManifest.xml:5:5-107
13        android:name="android.permission.READ_EXTERNAL_STORAGE"
13-->src\main\AndroidManifest.xml:5:22-77
14        android:maxSdkVersion="32" />
14-->src\main\AndroidManifest.xml:5:78-104
15    <uses-permission
15-->src\main\AndroidManifest.xml:6:5-108
16        android:name="android.permission.WRITE_EXTERNAL_STORAGE"
16-->src\main\AndroidManifest.xml:6:22-78
17        android:maxSdkVersion="29" />
17-->src\main\AndroidManifest.xml:6:79-105
18    <uses-permission android:name="android.permission.READ_CALENDAR" />
18-->src\main\AndroidManifest.xml:7:5-72
18-->src\main\AndroidManifest.xml:7:22-69
19    <uses-permission android:name="android.permission.WRITE_CALENDAR" />
19-->src\main\AndroidManifest.xml:8:5-73
19-->src\main\AndroidManifest.xml:8:22-70
20    <uses-permission android:name="android.permission.SCHEDULE_EXACT_ALARM" />
20-->src\main\AndroidManifest.xml:9:5-79
20-->src\main\AndroidManifest.xml:9:22-76
21    <uses-permission android:name="android.permission.USE_EXACT_ALARM" />
21-->src\main\AndroidManifest.xml:10:5-74
21-->src\main\AndroidManifest.xml:10:22-71
22    <uses-permission android:name="android.permission.POST_NOTIFICATIONS" />
22-->src\main\AndroidManifest.xml:11:5-77
22-->src\main\AndroidManifest.xml:11:22-74
23    <uses-permission android:name="android.permission.VIBRATE" />
23-->src\main\AndroidManifest.xml:12:5-66
23-->src\main\AndroidManifest.xml:12:22-63
24    <uses-permission android:name="android.permission.RECEIVE_BOOT_COMPLETED" />
24-->src\main\AndroidManifest.xml:13:5-81
24-->src\main\AndroidManifest.xml:13:22-78
25    <uses-permission android:name="android.permission.FOREGROUND_SERVICE" />
25-->src\main\AndroidManifest.xml:14:5-77
25-->src\main\AndroidManifest.xml:14:22-74
26
27    <!-- Allow querying all apps for launch_app tool -->
28    <queries>
28-->src\main\AndroidManifest.xml:17:5-21:15
29        <intent>
29-->src\main\AndroidManifest.xml:18:9-20:18
30            <action android:name="android.intent.action.MAIN" />
30-->src\main\AndroidManifest.xml:19:13-65
30-->src\main\AndroidManifest.xml:19:21-62
31        </intent>
32    </queries>
33
34    <permission
34-->[androidx.core:core:1.12.0] AndroidManifest.xml:22:5-24:47
35        android:name="com.agentforandroid.DYNAMIC_RECEIVER_NOT_EXPORTED_PERMISSION"
35-->[androidx.core:core:1.12.0] AndroidManifest.xml:23:9-81
36        android:protectionLevel="signature" />
36-->[androidx.core:core:1.12.0] AndroidManifest.xml:24:9-44
37
38    <uses-permission android:name="com.agentforandroid.DYNAMIC_RECEIVER_NOT_EXPORTED_PERMISSION" />
38-->[androidx.core:core:1.12.0] AndroidManifest.xml:26:5-97
38-->[androidx.core:core:1.12.0] AndroidManifest.xml:26:22-94
39
40    <application
40-->src\main\AndroidManifest.xml:23:5-45:19
41        android:name="com.agentforandroid.AgentApp"
41-->src\main\AndroidManifest.xml:25:9-33
42        android:allowBackup="true"
42-->src\main\AndroidManifest.xml:26:9-35
43        android:appComponentFactory="androidx.core.app.CoreComponentFactory"
43-->[androidx.core:core:1.12.0] AndroidManifest.xml:28:18-86
44        android:debuggable="true"
45        android:extractNativeLibs="false"
46        android:icon="@mipmap/ic_launcher"
46-->src\main\AndroidManifest.xml:27:9-43
47        android:label="@string/app_name"
47-->src\main\AndroidManifest.xml:28:9-41
48        android:requestLegacyExternalStorage="true"
48-->src\main\AndroidManifest.xml:24:9-52
49        android:supportsRtl="true"
49-->src\main\AndroidManifest.xml:29:9-35
50        android:theme="@style/Theme.AgentForAndroid" >
50-->src\main\AndroidManifest.xml:30:9-53
51        <activity
51-->src\main\AndroidManifest.xml:32:9-40:20
52            android:name="com.agentforandroid.MainActivity"
52-->src\main\AndroidManifest.xml:33:13-41
53            android:exported="true"
53-->src\main\AndroidManifest.xml:34:13-36
54            android:windowSoftInputMode="adjustResize" >
54-->src\main\AndroidManifest.xml:35:13-55
55            <intent-filter>
55-->src\main\AndroidManifest.xml:36:13-39:29
56                <action android:name="android.intent.action.MAIN" />
56-->src\main\AndroidManifest.xml:19:13-65
56-->src\main\AndroidManifest.xml:19:21-62
57
58                <category android:name="android.intent.category.LAUNCHER" />
58-->src\main\AndroidManifest.xml:38:17-77
58-->src\main\AndroidManifest.xml:38:27-74
59            </intent-filter>
60        </activity>
61
62        <receiver
62-->src\main\AndroidManifest.xml:42:9-44:40
63            android:name="com.agentforandroid.tool.AlarmReceiver"
63-->src\main\AndroidManifest.xml:43:13-47
64            android:exported="false" />
64-->src\main\AndroidManifest.xml:44:13-37
65
66        <activity
66-->[androidx.compose.ui:ui-tooling-android:1.6.8] AndroidManifest.xml:23:9-25:39
67            android:name="androidx.compose.ui.tooling.PreviewActivity"
67-->[androidx.compose.ui:ui-tooling-android:1.6.8] AndroidManifest.xml:24:13-71
68            android:exported="true" />
68-->[androidx.compose.ui:ui-tooling-android:1.6.8] AndroidManifest.xml:25:13-36
69
70        <provider
70-->[androidx.emoji2:emoji2:1.3.0] AndroidManifest.xml:24:9-32:20
71            android:name="androidx.startup.InitializationProvider"
71-->[androidx.emoji2:emoji2:1.3.0] AndroidManifest.xml:25:13-67
72            android:authorities="com.agentforandroid.androidx-startup"
72-->[androidx.emoji2:emoji2:1.3.0] AndroidManifest.xml:26:13-68
73            android:exported="false" >
73-->[androidx.emoji2:emoji2:1.3.0] AndroidManifest.xml:27:13-37
74            <meta-data
74-->[androidx.emoji2:emoji2:1.3.0] AndroidManifest.xml:29:13-31:52
75                android:name="androidx.emoji2.text.EmojiCompatInitializer"
75-->[androidx.emoji2:emoji2:1.3.0] AndroidManifest.xml:30:17-75
76                android:value="androidx.startup" />
76-->[androidx.emoji2:emoji2:1.3.0] AndroidManifest.xml:31:17-49
77            <meta-data
77-->[androidx.lifecycle:lifecycle-process:2.7.0] AndroidManifest.xml:29:13-31:52
78                android:name="androidx.lifecycle.ProcessLifecycleInitializer"
78-->[androidx.lifecycle:lifecycle-process:2.7.0] AndroidManifest.xml:30:17-78
79                android:value="androidx.startup" />
79-->[androidx.lifecycle:lifecycle-process:2.7.0] AndroidManifest.xml:31:17-49
80            <meta-data
80-->[androidx.profileinstaller:profileinstaller:1.3.0] AndroidManifest.xml:29:13-31:52
81                android:name="androidx.profileinstaller.ProfileInstallerInitializer"
81-->[androidx.profileinstaller:profileinstaller:1.3.0] AndroidManifest.xml:30:17-85
82                android:value="androidx.startup" />
82-->[androidx.profileinstaller:profileinstaller:1.3.0] AndroidManifest.xml:31:17-49
83        </provider>
84
85        <service
85-->[androidx.room:room-runtime:2.6.1] AndroidManifest.xml:24:9-28:63
86            android:name="androidx.room.MultiInstanceInvalidationService"
86-->[androidx.room:room-runtime:2.6.1] AndroidManifest.xml:25:13-74
87            android:directBootAware="true"
87-->[androidx.room:room-runtime:2.6.1] AndroidManifest.xml:26:13-43
88            android:exported="false" />
88-->[androidx.room:room-runtime:2.6.1] AndroidManifest.xml:27:13-37
89
90        <receiver
90-->[androidx.profileinstaller:profileinstaller:1.3.0] AndroidManifest.xml:34:9-52:20
91            android:name="androidx.profileinstaller.ProfileInstallReceiver"
91-->[androidx.profileinstaller:profileinstaller:1.3.0] AndroidManifest.xml:35:13-76
92            android:directBootAware="false"
92-->[androidx.profileinstaller:profileinstaller:1.3.0] AndroidManifest.xml:36:13-44
93            android:enabled="true"
93-->[androidx.profileinstaller:profileinstaller:1.3.0] AndroidManifest.xml:37:13-35
94            android:exported="true"
94-->[androidx.profileinstaller:profileinstaller:1.3.0] AndroidManifest.xml:38:13-36
95            android:permission="android.permission.DUMP" >
95-->[androidx.profileinstaller:profileinstaller:1.3.0] AndroidManifest.xml:39:13-57
96            <intent-filter>
96-->[androidx.profileinstaller:profileinstaller:1.3.0] AndroidManifest.xml:40:13-42:29
97                <action android:name="androidx.profileinstaller.action.INSTALL_PROFILE" />
97-->[androidx.profileinstaller:profileinstaller:1.3.0] AndroidManifest.xml:41:17-91
97-->[androidx.profileinstaller:profileinstaller:1.3.0] AndroidManifest.xml:41:25-88
98            </intent-filter>
99            <intent-filter>
99-->[androidx.profileinstaller:profileinstaller:1.3.0] AndroidManifest.xml:43:13-45:29
100                <action android:name="androidx.profileinstaller.action.SKIP_FILE" />
100-->[androidx.profileinstaller:profileinstaller:1.3.0] AndroidManifest.xml:44:17-85
100-->[androidx.profileinstaller:profileinstaller:1.3.0] AndroidManifest.xml:44:25-82
101            </intent-filter>
102            <intent-filter>
102-->[androidx.profileinstaller:profileinstaller:1.3.0] AndroidManifest.xml:46:13-48:29
103                <action android:name="androidx.profileinstaller.action.SAVE_PROFILE" />
103-->[androidx.profileinstaller:profileinstaller:1.3.0] AndroidManifest.xml:47:17-88
103-->[androidx.profileinstaller:profileinstaller:1.3.0] AndroidManifest.xml:47:25-85
104            </intent-filter>
105            <intent-filter>
105-->[androidx.profileinstaller:profileinstaller:1.3.0] AndroidManifest.xml:49:13-51:29
106                <action android:name="androidx.profileinstaller.action.BENCHMARK_OPERATION" />
106-->[androidx.profileinstaller:profileinstaller:1.3.0] AndroidManifest.xml:50:17-95
106-->[androidx.profileinstaller:profileinstaller:1.3.0] AndroidManifest.xml:50:25-92
107            </intent-filter>
108        </receiver>
109    </application>
110
111</manifest>